<?xml version="1.0" encoding="UTF-8" ?>
<testsuite errors="0" failures="0" hostname="pikake.getsu.com" name="amortizedcola.ColaSpec" tests="1562" time="118.716" timestamp="2012-04-30T04:36:22">
  <properties />
  <testcase classname="amortizedcola.ColaSpec" name="can search on empty cola" time="0.082" />
  <testcase classname="amortizedcola.ColaSpec" name="increasing sequential insert and search, N=1" time="0.043" />
  <testcase classname="amortizedcola.ColaSpec" name="increasing sequential insert and search, N=2" time="0.058" />
  <testcase classname="amortizedcola.ColaSpec" name="increasing sequential insert and search, N=3" time="0.003" />
  <testcase classname="amortizedcola.ColaSpec" name="increasing sequential insert and search, N=4" time="0.009" />
  <testcase classname="amortizedcola.ColaSpec" name="increasing sequential insert and search, N=5" time="0.01" />
  <testcase classname="amortizedcola.ColaSpec" name="increasing sequential insert and search, N=6" time="0.012" />
  <testcase classname="amortizedcola.ColaSpec" name="increasing sequential insert and search, N=7" time="0.013" />
  <testcase classname="amortizedcola.ColaSpec" name="increasing sequential insert and search, N=8" time="0.03" />
  <testcase classname="amortizedcola.ColaSpec" name="increasing sequential insert and search, N=9" time="0.02" />
  <testcase classname="amortizedcola.ColaSpec" name="increasing sequential insert and search, N=10" time="0.026" />
  <testcase classname="amortizedcola.ColaSpec" name="increasing sequential insert and search, N=11" time="0.026" />
  <testcase classname="amortizedcola.ColaSpec" name="increasing sequential insert and search, N=12" time="0.038" />
  <testcase classname="amortizedcola.ColaSpec" name="increasing sequential insert and search, N=13" time="0.027" />
  <testcase classname="amortizedcola.ColaSpec" name="increasing sequential insert and search, N=14" time="0.022" />
  <testcase classname="amortizedcola.ColaSpec" name="increasing sequential insert and search, N=15" time="0.022" />
  <testcase classname="amortizedcola.ColaSpec" name="increasing sequential insert and search, N=16" time="0.06" />
  <testcase classname="amortizedcola.ColaSpec" name="increasing sequential insert and search, N=17" time="0.028" />
  <testcase classname="amortizedcola.ColaSpec" name="increasing sequential insert and search, N=18" time="0.032" />
  <testcase classname="amortizedcola.ColaSpec" name="increasing sequential insert and search, N=19" time="0.024" />
  <testcase classname="amortizedcola.ColaSpec" name="increasing sequential insert and search, N=20" time="0.028" />
  <testcase classname="amortizedcola.ColaSpec" name="increasing sequential insert and search, N=21" time="0.034" />
  <testcase classname="amortizedcola.ColaSpec" name="increasing sequential insert and search, N=22" time="0.032" />
  <testcase classname="amortizedcola.ColaSpec" name="increasing sequential insert and search, N=23" time="0.032" />
  <testcase classname="amortizedcola.ColaSpec" name="increasing sequential insert and search, N=24" time="0.057" />
  <testcase classname="amortizedcola.ColaSpec" name="increasing sequential insert and search, N=25" time="0.044" />
  <testcase classname="amortizedcola.ColaSpec" name="increasing sequential insert and search, N=26" time="0.036" />
  <testcase classname="amortizedcola.ColaSpec" name="increasing sequential insert and search, N=27" time="0.037" />
  <testcase classname="amortizedcola.ColaSpec" name="increasing sequential insert and search, N=28" time="0.043" />
  <testcase classname="amortizedcola.ColaSpec" name="increasing sequential insert and search, N=29" time="0.071" />
  <testcase classname="amortizedcola.ColaSpec" name="increasing sequential insert and search, N=30" time="0.072" />
  <testcase classname="amortizedcola.ColaSpec" name="increasing sequential insert and search, N=31" time="0.068" />
  <testcase classname="amortizedcola.ColaSpec" name="increasing sequential insert and search, N=32" time="0.082" />
  <testcase classname="amortizedcola.ColaSpec" name="increasing sequential insert and search, N=33" time="0.041" />
  <testcase classname="amortizedcola.ColaSpec" name="increasing sequential insert and search, N=34" time="0.041" />
  <testcase classname="amortizedcola.ColaSpec" name="increasing sequential insert and search, N=35" time="0.078" />
  <testcase classname="amortizedcola.ColaSpec" name="increasing sequential insert and search, N=36" time="0.083" />
  <testcase classname="amortizedcola.ColaSpec" name="increasing sequential insert and search, N=37" time="0.079" />
  <testcase classname="amortizedcola.ColaSpec" name="increasing sequential insert and search, N=38" time="0.068" />
  <testcase classname="amortizedcola.ColaSpec" name="increasing sequential insert and search, N=39" time="0.041" />
  <testcase classname="amortizedcola.ColaSpec" name="increasing sequential insert and search, N=40" time="0.083" />
  <testcase classname="amortizedcola.ColaSpec" name="increasing sequential insert and search, N=41" time="0.039" />
  <testcase classname="amortizedcola.ColaSpec" name="increasing sequential insert and search, N=42" time="0.037" />
  <testcase classname="amortizedcola.ColaSpec" name="increasing sequential insert and search, N=43" time="0.1" />
  <testcase classname="amortizedcola.ColaSpec" name="increasing sequential insert and search, N=44" time="0.048" />
  <testcase classname="amortizedcola.ColaSpec" name="increasing sequential insert and search, N=45" time="0.045" />
  <testcase classname="amortizedcola.ColaSpec" name="increasing sequential insert and search, N=46" time="0.03" />
  <testcase classname="amortizedcola.ColaSpec" name="increasing sequential insert and search, N=47" time="0.078" />
  <testcase classname="amortizedcola.ColaSpec" name="increasing sequential insert and search, N=48" time="0.093" />
  <testcase classname="amortizedcola.ColaSpec" name="increasing sequential insert and search, N=49" time="0.081" />
  <testcase classname="amortizedcola.ColaSpec" name="increasing sequential insert and search, N=50" time="0.076" />
  <testcase classname="amortizedcola.ColaSpec" name="increasing sequential insert and search, N=51" time="0.077" />
  <testcase classname="amortizedcola.ColaSpec" name="increasing sequential insert and search, N=52" time="0.061" />
  <testcase classname="amortizedcola.ColaSpec" name="increasing sequential insert and search, N=53" time="0.071" />
  <testcase classname="amortizedcola.ColaSpec" name="increasing sequential insert and search, N=54" time="0.032" />
  <testcase classname="amortizedcola.ColaSpec" name="increasing sequential insert and search, N=55" time="0.035" />
  <testcase classname="amortizedcola.ColaSpec" name="increasing sequential insert and search, N=56" time="0.032" />
  <testcase classname="amortizedcola.ColaSpec" name="increasing sequential insert and search, N=57" time="0.035" />
  <testcase classname="amortizedcola.ColaSpec" name="increasing sequential insert and search, N=58" time="0.032" />
  <testcase classname="amortizedcola.ColaSpec" name="increasing sequential insert and search, N=59" time="0.032" />
  <testcase classname="amortizedcola.ColaSpec" name="increasing sequential insert and search, N=60" time="0.04" />
  <testcase classname="amortizedcola.ColaSpec" name="increasing sequential insert and search, N=61" time="0.04" />
  <testcase classname="amortizedcola.ColaSpec" name="increasing sequential insert and search, N=62" time="0.042" />
  <testcase classname="amortizedcola.ColaSpec" name="increasing sequential insert and search, N=63" time="0.04" />
  <testcase classname="amortizedcola.ColaSpec" name="increasing sequential insert and search, N=64" time="0.043" />
  <testcase classname="amortizedcola.ColaSpec" name="increasing sequential insert and search, N=65" time="0.044" />
  <testcase classname="amortizedcola.ColaSpec" name="increasing sequential insert and search, N=66" time="0.042" />
  <testcase classname="amortizedcola.ColaSpec" name="increasing sequential insert and search, N=67" time="0.082" />
  <testcase classname="amortizedcola.ColaSpec" name="increasing sequential insert and search, N=68" time="0.049" />
  <testcase classname="amortizedcola.ColaSpec" name="increasing sequential insert and search, N=69" time="0.071" />
  <testcase classname="amortizedcola.ColaSpec" name="increasing sequential insert and search, N=70" time="0.118" />
  <testcase classname="amortizedcola.ColaSpec" name="increasing sequential insert and search, N=71" time="0.055" />
  <testcase classname="amortizedcola.ColaSpec" name="increasing sequential insert and search, N=72" time="0.049" />
  <testcase classname="amortizedcola.ColaSpec" name="increasing sequential insert and search, N=73" time="0.035" />
  <testcase classname="amortizedcola.ColaSpec" name="increasing sequential insert and search, N=74" time="0.034" />
  <testcase classname="amortizedcola.ColaSpec" name="increasing sequential insert and search, N=75" time="0.128" />
  <testcase classname="amortizedcola.ColaSpec" name="increasing sequential insert and search, N=76" time="0.148" />
  <testcase classname="amortizedcola.ColaSpec" name="increasing sequential insert and search, N=77" time="0.114" />
  <testcase classname="amortizedcola.ColaSpec" name="increasing sequential insert and search, N=78" time="0.148" />
  <testcase classname="amortizedcola.ColaSpec" name="increasing sequential insert and search, N=79" time="0.081" />
  <testcase classname="amortizedcola.ColaSpec" name="increasing sequential insert and search, N=80" time="0.05" />
  <testcase classname="amortizedcola.ColaSpec" name="increasing sequential insert and search, N=81" time="0.075" />
  <testcase classname="amortizedcola.ColaSpec" name="increasing sequential insert and search, N=82" time="0.05" />
  <testcase classname="amortizedcola.ColaSpec" name="increasing sequential insert and search, N=83" time="0.045" />
  <testcase classname="amortizedcola.ColaSpec" name="increasing sequential insert and search, N=84" time="0.084" />
  <testcase classname="amortizedcola.ColaSpec" name="increasing sequential insert and search, N=85" time="0.043" />
  <testcase classname="amortizedcola.ColaSpec" name="increasing sequential insert and search, N=86" time="0.045" />
  <testcase classname="amortizedcola.ColaSpec" name="increasing sequential insert and search, N=87" time="0.045" />
  <testcase classname="amortizedcola.ColaSpec" name="increasing sequential insert and search, N=88" time="0.086" />
  <testcase classname="amortizedcola.ColaSpec" name="increasing sequential insert and search, N=89" time="0.104" />
  <testcase classname="amortizedcola.ColaSpec" name="increasing sequential insert and search, N=90" time="0.057" />
  <testcase classname="amortizedcola.ColaSpec" name="increasing sequential insert and search, N=91" time="0.044" />
  <testcase classname="amortizedcola.ColaSpec" name="increasing sequential insert and search, N=92" time="0.042" />
  <testcase classname="amortizedcola.ColaSpec" name="increasing sequential insert and search, N=93" time="0.054" />
  <testcase classname="amortizedcola.ColaSpec" name="increasing sequential insert and search, N=94" time="0.096" />
  <testcase classname="amortizedcola.ColaSpec" name="increasing sequential insert and search, N=95" time="0.118" />
  <testcase classname="amortizedcola.ColaSpec" name="increasing sequential insert and search, N=96" time="0.163" />
  <testcase classname="amortizedcola.ColaSpec" name="increasing sequential insert and search, N=97" time="0.094" />
  <testcase classname="amortizedcola.ColaSpec" name="increasing sequential insert and search, N=98" time="0.052" />
  <testcase classname="amortizedcola.ColaSpec" name="increasing sequential insert and search, N=99" time="0.178" />
  <testcase classname="amortizedcola.ColaSpec" name="increasing sequential insert and search, N=100" time="0.097" />
  <testcase classname="amortizedcola.ColaSpec" name="increasing sequential insert and search, N=101" time="0.036" />
  <testcase classname="amortizedcola.ColaSpec" name="increasing sequential insert and search, N=102" time="0.028" />
  <testcase classname="amortizedcola.ColaSpec" name="increasing sequential insert and search, N=103" time="0.031" />
  <testcase classname="amortizedcola.ColaSpec" name="increasing sequential insert and search, N=104" time="0.034" />
  <testcase classname="amortizedcola.ColaSpec" name="increasing sequential insert and search, N=105" time="0.034" />
  <testcase classname="amortizedcola.ColaSpec" name="increasing sequential insert and search, N=106" time="0.067" />
  <testcase classname="amortizedcola.ColaSpec" name="increasing sequential insert and search, N=107" time="0.074" />
  <testcase classname="amortizedcola.ColaSpec" name="increasing sequential insert and search, N=108" time="0.074" />
  <testcase classname="amortizedcola.ColaSpec" name="increasing sequential insert and search, N=109" time="0.075" />
  <testcase classname="amortizedcola.ColaSpec" name="increasing sequential insert and search, N=110" time="0.125" />
  <testcase classname="amortizedcola.ColaSpec" name="increasing sequential insert and search, N=111" time="0.103" />
  <testcase classname="amortizedcola.ColaSpec" name="increasing sequential insert and search, N=112" time="0.11" />
  <testcase classname="amortizedcola.ColaSpec" name="increasing sequential insert and search, N=113" time="0.086" />
  <testcase classname="amortizedcola.ColaSpec" name="increasing sequential insert and search, N=114" time="0.077" />
  <testcase classname="amortizedcola.ColaSpec" name="increasing sequential insert and search, N=115" time="0.06" />
  <testcase classname="amortizedcola.ColaSpec" name="increasing sequential insert and search, N=116" time="0.049" />
  <testcase classname="amortizedcola.ColaSpec" name="increasing sequential insert and search, N=117" time="0.11" />
  <testcase classname="amortizedcola.ColaSpec" name="increasing sequential insert and search, N=118" time="0.07" />
  <testcase classname="amortizedcola.ColaSpec" name="increasing sequential insert and search, N=119" time="0.033" />
  <testcase classname="amortizedcola.ColaSpec" name="increasing sequential insert and search, N=120" time="0.031" />
  <testcase classname="amortizedcola.ColaSpec" name="increasing sequential insert and search, N=121" time="0.035" />
  <testcase classname="amortizedcola.ColaSpec" name="increasing sequential insert and search, N=122" time="0.034" />
  <testcase classname="amortizedcola.ColaSpec" name="increasing sequential insert and search, N=123" time="0.033" />
  <testcase classname="amortizedcola.ColaSpec" name="increasing sequential insert and search, N=124" time="0.032" />
  <testcase classname="amortizedcola.ColaSpec" name="increasing sequential insert and search, N=125" time="0.085" />
  <testcase classname="amortizedcola.ColaSpec" name="increasing sequential insert and search, N=126" time="0.045" />
  <testcase classname="amortizedcola.ColaSpec" name="increasing sequential insert and search, N=127" time="0.039" />
  <testcase classname="amortizedcola.ColaSpec" name="increasing sequential insert and search, N=128" time="0.111" />
  <testcase classname="amortizedcola.ColaSpec" name="increasing sequential insert and search, N=129" time="0.075" />
  <testcase classname="amortizedcola.ColaSpec" name="increasing sequential insert and search, N=130" time="0.076" />
  <testcase classname="amortizedcola.ColaSpec" name="increasing sequential insert and search, N=131" time="0.054" />
  <testcase classname="amortizedcola.ColaSpec" name="increasing sequential insert and search, N=132" time="0.06" />
  <testcase classname="amortizedcola.ColaSpec" name="increasing sequential insert and search, N=133" time="0.056" />
  <testcase classname="amortizedcola.ColaSpec" name="increasing sequential insert and search, N=134" time="0.062" />
  <testcase classname="amortizedcola.ColaSpec" name="increasing sequential insert and search, N=135" time="0.052" />
  <testcase classname="amortizedcola.ColaSpec" name="increasing sequential insert and search, N=136" time="0.065" />
  <testcase classname="amortizedcola.ColaSpec" name="increasing sequential insert and search, N=137" time="0.05" />
  <testcase classname="amortizedcola.ColaSpec" name="increasing sequential insert and search, N=138" time="0.107" />
  <testcase classname="amortizedcola.ColaSpec" name="increasing sequential insert and search, N=139" time="0.05" />
  <testcase classname="amortizedcola.ColaSpec" name="increasing sequential insert and search, N=140" time="0.055" />
  <testcase classname="amortizedcola.ColaSpec" name="increasing sequential insert and search, N=141" time="0.062" />
  <testcase classname="amortizedcola.ColaSpec" name="increasing sequential insert and search, N=142" time="0.056" />
  <testcase classname="amortizedcola.ColaSpec" name="increasing sequential insert and search, N=143" time="0.123" />
  <testcase classname="amortizedcola.ColaSpec" name="increasing sequential insert and search, N=144" time="0.064" />
  <testcase classname="amortizedcola.ColaSpec" name="increasing sequential insert and search, N=145" time="0.06" />
  <testcase classname="amortizedcola.ColaSpec" name="increasing sequential insert and search, N=146" time="0.059" />
  <testcase classname="amortizedcola.ColaSpec" name="increasing sequential insert and search, N=147" time="0.133" />
  <testcase classname="amortizedcola.ColaSpec" name="increasing sequential insert and search, N=148" time="0.148" />
  <testcase classname="amortizedcola.ColaSpec" name="increasing sequential insert and search, N=149" time="0.052" />
  <testcase classname="amortizedcola.ColaSpec" name="increasing sequential insert and search, N=150" time="0.082" />
  <testcase classname="amortizedcola.ColaSpec" name="increasing sequential insert and search, N=151" time="0.095" />
  <testcase classname="amortizedcola.ColaSpec" name="increasing sequential insert and search, N=152" time="0.097" />
  <testcase classname="amortizedcola.ColaSpec" name="increasing sequential insert and search, N=153" time="0.119" />
  <testcase classname="amortizedcola.ColaSpec" name="increasing sequential insert and search, N=154" time="0.053" />
  <testcase classname="amortizedcola.ColaSpec" name="increasing sequential insert and search, N=155" time="0.043" />
  <testcase classname="amortizedcola.ColaSpec" name="increasing sequential insert and search, N=156" time="0.037" />
  <testcase classname="amortizedcola.ColaSpec" name="increasing sequential insert and search, N=157" time="0.04" />
  <testcase classname="amortizedcola.ColaSpec" name="increasing sequential insert and search, N=158" time="0.042" />
  <testcase classname="amortizedcola.ColaSpec" name="increasing sequential insert and search, N=159" time="0.044" />
  <testcase classname="amortizedcola.ColaSpec" name="increasing sequential insert and search, N=160" time="0.042" />
  <testcase classname="amortizedcola.ColaSpec" name="increasing sequential insert and search, N=161" time="0.039" />
  <testcase classname="amortizedcola.ColaSpec" name="increasing sequential insert and search, N=162" time="0.042" />
  <testcase classname="amortizedcola.ColaSpec" name="increasing sequential insert and search, N=163" time="0.045" />
  <testcase classname="amortizedcola.ColaSpec" name="increasing sequential insert and search, N=164" time="0.062" />
  <testcase classname="amortizedcola.ColaSpec" name="increasing sequential insert and search, N=165" time="0.049" />
  <testcase classname="amortizedcola.ColaSpec" name="increasing sequential insert and search, N=166" time="0.041" />
  <testcase classname="amortizedcola.ColaSpec" name="increasing sequential insert and search, N=167" time="0.041" />
  <testcase classname="amortizedcola.ColaSpec" name="increasing sequential insert and search, N=168" time="0.041" />
  <testcase classname="amortizedcola.ColaSpec" name="increasing sequential insert and search, N=169" time="0.043" />
  <testcase classname="amortizedcola.ColaSpec" name="increasing sequential insert and search, N=170" time="0.05" />
  <testcase classname="amortizedcola.ColaSpec" name="increasing sequential insert and search, N=171" time="0.047" />
  <testcase classname="amortizedcola.ColaSpec" name="increasing sequential insert and search, N=172" time="0.042" />
  <testcase classname="amortizedcola.ColaSpec" name="increasing sequential insert and search, N=173" time="0.053" />
  <testcase classname="amortizedcola.ColaSpec" name="increasing sequential insert and search, N=174" time="0.047" />
  <testcase classname="amortizedcola.ColaSpec" name="increasing sequential insert and search, N=175" time="0.047" />
  <testcase classname="amortizedcola.ColaSpec" name="increasing sequential insert and search, N=176" time="0.041" />
  <testcase classname="amortizedcola.ColaSpec" name="increasing sequential insert and search, N=177" time="0.044" />
  <testcase classname="amortizedcola.ColaSpec" name="increasing sequential insert and search, N=178" time="0.041" />
  <testcase classname="amortizedcola.ColaSpec" name="increasing sequential insert and search, N=179" time="0.044" />
  <testcase classname="amortizedcola.ColaSpec" name="increasing sequential insert and search, N=180" time="0.043" />
  <testcase classname="amortizedcola.ColaSpec" name="increasing sequential insert and search, N=181" time="0.043" />
  <testcase classname="amortizedcola.ColaSpec" name="increasing sequential insert and search, N=182" time="0.043" />
  <testcase classname="amortizedcola.ColaSpec" name="increasing sequential insert and search, N=183" time="0.05" />
  <testcase classname="amortizedcola.ColaSpec" name="increasing sequential insert and search, N=184" time="0.077" />
  <testcase classname="amortizedcola.ColaSpec" name="increasing sequential insert and search, N=185" time="0.068" />
  <testcase classname="amortizedcola.ColaSpec" name="increasing sequential insert and search, N=186" time="0.075" />
  <testcase classname="amortizedcola.ColaSpec" name="increasing sequential insert and search, N=187" time="0.046" />
  <testcase classname="amortizedcola.ColaSpec" name="increasing sequential insert and search, N=188" time="0.051" />
  <testcase classname="amortizedcola.ColaSpec" name="increasing sequential insert and search, N=189" time="0.045" />
  <testcase classname="amortizedcola.ColaSpec" name="increasing sequential insert and search, N=190" time="0.057" />
  <testcase classname="amortizedcola.ColaSpec" name="increasing sequential insert and search, N=191" time="0.052" />
  <testcase classname="amortizedcola.ColaSpec" name="increasing sequential insert and search, N=192" time="0.046" />
  <testcase classname="amortizedcola.ColaSpec" name="increasing sequential insert and search, N=193" time="0.058" />
  <testcase classname="amortizedcola.ColaSpec" name="increasing sequential insert and search, N=194" time="0.098" />
  <testcase classname="amortizedcola.ColaSpec" name="increasing sequential insert and search, N=195" time="0.074" />
  <testcase classname="amortizedcola.ColaSpec" name="increasing sequential insert and search, N=196" time="0.057" />
  <testcase classname="amortizedcola.ColaSpec" name="increasing sequential insert and search, N=197" time="0.055" />
  <testcase classname="amortizedcola.ColaSpec" name="increasing sequential insert and search, N=198" time="0.075" />
  <testcase classname="amortizedcola.ColaSpec" name="increasing sequential insert and search, N=199" time="0.113" />
  <testcase classname="amortizedcola.ColaSpec" name="increasing sequential insert and search, N=200" time="0.081" />
  <testcase classname="amortizedcola.ColaSpec" name="increasing sequential insert and search, N=201" time="0.076" />
  <testcase classname="amortizedcola.ColaSpec" name="increasing sequential insert and search, N=202" time="0.071" />
  <testcase classname="amortizedcola.ColaSpec" name="increasing sequential insert and search, N=203" time="0.089" />
  <testcase classname="amortizedcola.ColaSpec" name="increasing sequential insert and search, N=204" time="0.052" />
  <testcase classname="amortizedcola.ColaSpec" name="increasing sequential insert and search, N=205" time="0.052" />
  <testcase classname="amortizedcola.ColaSpec" name="increasing sequential insert and search, N=206" time="0.103" />
  <testcase classname="amortizedcola.ColaSpec" name="increasing sequential insert and search, N=207" time="0.067" />
  <testcase classname="amortizedcola.ColaSpec" name="increasing sequential insert and search, N=208" time="0.047" />
  <testcase classname="amortizedcola.ColaSpec" name="increasing sequential insert and search, N=209" time="0.054" />
  <testcase classname="amortizedcola.ColaSpec" name="increasing sequential insert and search, N=210" time="0.05" />
  <testcase classname="amortizedcola.ColaSpec" name="increasing sequential insert and search, N=211" time="0.058" />
  <testcase classname="amortizedcola.ColaSpec" name="increasing sequential insert and search, N=212" time="0.09" />
  <testcase classname="amortizedcola.ColaSpec" name="increasing sequential insert and search, N=213" time="0.124" />
  <testcase classname="amortizedcola.ColaSpec" name="increasing sequential insert and search, N=214" time="0.061" />
  <testcase classname="amortizedcola.ColaSpec" name="increasing sequential insert and search, N=215" time="0.053" />
  <testcase classname="amortizedcola.ColaSpec" name="increasing sequential insert and search, N=216" time="0.053" />
  <testcase classname="amortizedcola.ColaSpec" name="increasing sequential insert and search, N=217" time="0.052" />
  <testcase classname="amortizedcola.ColaSpec" name="increasing sequential insert and search, N=218" time="0.057" />
  <testcase classname="amortizedcola.ColaSpec" name="increasing sequential insert and search, N=219" time="0.05" />
  <testcase classname="amortizedcola.ColaSpec" name="increasing sequential insert and search, N=220" time="0.072" />
  <testcase classname="amortizedcola.ColaSpec" name="increasing sequential insert and search, N=221" time="0.061" />
  <testcase classname="amortizedcola.ColaSpec" name="increasing sequential insert and search, N=222" time="0.061" />
  <testcase classname="amortizedcola.ColaSpec" name="increasing sequential insert and search, N=223" time="0.126" />
  <testcase classname="amortizedcola.ColaSpec" name="increasing sequential insert and search, N=224" time="0.108" />
  <testcase classname="amortizedcola.ColaSpec" name="increasing sequential insert and search, N=225" time="0.1" />
  <testcase classname="amortizedcola.ColaSpec" name="increasing sequential insert and search, N=226" time="0.091" />
  <testcase classname="amortizedcola.ColaSpec" name="increasing sequential insert and search, N=227" time="0.06" />
  <testcase classname="amortizedcola.ColaSpec" name="increasing sequential insert and search, N=228" time="0.053" />
  <testcase classname="amortizedcola.ColaSpec" name="increasing sequential insert and search, N=229" time="0.054" />
  <testcase classname="amortizedcola.ColaSpec" name="increasing sequential insert and search, N=230" time="0.055" />
  <testcase classname="amortizedcola.ColaSpec" name="increasing sequential insert and search, N=231" time="0.052" />
  <testcase classname="amortizedcola.ColaSpec" name="increasing sequential insert and search, N=232" time="0.054" />
  <testcase classname="amortizedcola.ColaSpec" name="increasing sequential insert and search, N=233" time="0.058" />
  <testcase classname="amortizedcola.ColaSpec" name="increasing sequential insert and search, N=234" time="0.056" />
  <testcase classname="amortizedcola.ColaSpec" name="increasing sequential insert and search, N=235" time="0.07" />
  <testcase classname="amortizedcola.ColaSpec" name="increasing sequential insert and search, N=236" time="0.056" />
  <testcase classname="amortizedcola.ColaSpec" name="increasing sequential insert and search, N=237" time="0.058" />
  <testcase classname="amortizedcola.ColaSpec" name="increasing sequential insert and search, N=238" time="0.061" />
  <testcase classname="amortizedcola.ColaSpec" name="increasing sequential insert and search, N=239" time="0.069" />
  <testcase classname="amortizedcola.ColaSpec" name="increasing sequential insert and search, N=240" time="0.054" />
  <testcase classname="amortizedcola.ColaSpec" name="increasing sequential insert and search, N=241" time="0.053" />
  <testcase classname="amortizedcola.ColaSpec" name="increasing sequential insert and search, N=242" time="0.059" />
  <testcase classname="amortizedcola.ColaSpec" name="increasing sequential insert and search, N=243" time="0.056" />
  <testcase classname="amortizedcola.ColaSpec" name="increasing sequential insert and search, N=244" time="0.055" />
  <testcase classname="amortizedcola.ColaSpec" name="increasing sequential insert and search, N=245" time="0.055" />
  <testcase classname="amortizedcola.ColaSpec" name="increasing sequential insert and search, N=246" time="0.058" />
  <testcase classname="amortizedcola.ColaSpec" name="increasing sequential insert and search, N=247" time="0.062" />
  <testcase classname="amortizedcola.ColaSpec" name="increasing sequential insert and search, N=248" time="0.063" />
  <testcase classname="amortizedcola.ColaSpec" name="increasing sequential insert and search, N=249" time="0.071" />
  <testcase classname="amortizedcola.ColaSpec" name="increasing sequential insert and search, N=250" time="0.059" />
  <testcase classname="amortizedcola.ColaSpec" name="increasing sequential insert and search, N=251" time="0.056" />
  <testcase classname="amortizedcola.ColaSpec" name="increasing sequential insert and search, N=252" time="0.055" />
  <testcase classname="amortizedcola.ColaSpec" name="increasing sequential insert and search, N=253" time="0.059" />
  <testcase classname="amortizedcola.ColaSpec" name="increasing sequential insert and search, N=254" time="0.056" />
  <testcase classname="amortizedcola.ColaSpec" name="increasing sequential insert and search, N=255" time="0.056" />
  <testcase classname="amortizedcola.ColaSpec" name="increasing sequential insert and search, N=256" time="0.065" />
  <testcase classname="amortizedcola.ColaSpec" name="increasing sequential insert and search, N=257" time="0.062" />
  <testcase classname="amortizedcola.ColaSpec" name="increasing sequential insert and search, N=258" time="0.062" />
  <testcase classname="amortizedcola.ColaSpec" name="increasing sequential insert and search, N=259" time="0.092" />
  <testcase classname="amortizedcola.ColaSpec" name="increasing sequential insert and search, N=260" time="0.073" />
  <testcase classname="amortizedcola.ColaSpec" name="increasing sequential insert and search, N=261" time="0.065" />
  <testcase classname="amortizedcola.ColaSpec" name="increasing sequential insert and search, N=262" time="0.069" />
  <testcase classname="amortizedcola.ColaSpec" name="increasing sequential insert and search, N=263" time="0.071" />
  <testcase classname="amortizedcola.ColaSpec" name="increasing sequential insert and search, N=264" time="0.079" />
  <testcase classname="amortizedcola.ColaSpec" name="increasing sequential insert and search, N=265" time="0.075" />
  <testcase classname="amortizedcola.ColaSpec" name="increasing sequential insert and search, N=266" time="0.079" />
  <testcase classname="amortizedcola.ColaSpec" name="increasing sequential insert and search, N=267" time="0.074" />
  <testcase classname="amortizedcola.ColaSpec" name="increasing sequential insert and search, N=268" time="0.099" />
  <testcase classname="amortizedcola.ColaSpec" name="increasing sequential insert and search, N=269" time="0.116" />
  <testcase classname="amortizedcola.ColaSpec" name="increasing sequential insert and search, N=270" time="0.096" />
  <testcase classname="amortizedcola.ColaSpec" name="increasing sequential insert and search, N=271" time="0.106" />
  <testcase classname="amortizedcola.ColaSpec" name="increasing sequential insert and search, N=272" time="0.076" />
  <testcase classname="amortizedcola.ColaSpec" name="increasing sequential insert and search, N=273" time="0.111" />
  <testcase classname="amortizedcola.ColaSpec" name="increasing sequential insert and search, N=274" time="0.075" />
  <testcase classname="amortizedcola.ColaSpec" name="increasing sequential insert and search, N=275" time="0.071" />
  <testcase classname="amortizedcola.ColaSpec" name="increasing sequential insert and search, N=276" time="0.075" />
  <testcase classname="amortizedcola.ColaSpec" name="increasing sequential insert and search, N=277" time="0.091" />
  <testcase classname="amortizedcola.ColaSpec" name="increasing sequential insert and search, N=278" time="0.074" />
  <testcase classname="amortizedcola.ColaSpec" name="increasing sequential insert and search, N=279" time="0.072" />
  <testcase classname="amortizedcola.ColaSpec" name="increasing sequential insert and search, N=280" time="0.077" />
  <testcase classname="amortizedcola.ColaSpec" name="increasing sequential insert and search, N=281" time="0.076" />
  <testcase classname="amortizedcola.ColaSpec" name="increasing sequential insert and search, N=282" time="0.075" />
  <testcase classname="amortizedcola.ColaSpec" name="increasing sequential insert and search, N=283" time="0.08" />
  <testcase classname="amortizedcola.ColaSpec" name="increasing sequential insert and search, N=284" time="0.073" />
  <testcase classname="amortizedcola.ColaSpec" name="increasing sequential insert and search, N=285" time="0.079" />
  <testcase classname="amortizedcola.ColaSpec" name="increasing sequential insert and search, N=286" time="0.08" />
  <testcase classname="amortizedcola.ColaSpec" name="increasing sequential insert and search, N=287" time="0.076" />
  <testcase classname="amortizedcola.ColaSpec" name="increasing sequential insert and search, N=288" time="0.072" />
  <testcase classname="amortizedcola.ColaSpec" name="increasing sequential insert and search, N=289" time="0.075" />
  <testcase classname="amortizedcola.ColaSpec" name="increasing sequential insert and search, N=290" time="0.074" />
  <testcase classname="amortizedcola.ColaSpec" name="increasing sequential insert and search, N=291" time="0.073" />
  <testcase classname="amortizedcola.ColaSpec" name="increasing sequential insert and search, N=292" time="0.073" />
  <testcase classname="amortizedcola.ColaSpec" name="increasing sequential insert and search, N=293" time="0.08" />
  <testcase classname="amortizedcola.ColaSpec" name="increasing sequential insert and search, N=294" time="0.118" />
  <testcase classname="amortizedcola.ColaSpec" name="increasing sequential insert and search, N=295" time="0.104" />
  <testcase classname="amortizedcola.ColaSpec" name="increasing sequential insert and search, N=296" time="0.125" />
  <testcase classname="amortizedcola.ColaSpec" name="increasing sequential insert and search, N=297" time="0.084" />
  <testcase classname="amortizedcola.ColaSpec" name="increasing sequential insert and search, N=298" time="0.085" />
  <testcase classname="amortizedcola.ColaSpec" name="increasing sequential insert and search, N=299" time="0.088" />
  <testcase classname="amortizedcola.ColaSpec" name="increasing sequential insert and search, N=300" time="0.151" />
  <testcase classname="amortizedcola.ColaSpec" name="increasing sequential insert and search, N=301" time="0.089" />
  <testcase classname="amortizedcola.ColaSpec" name="increasing sequential insert and search, N=302" time="0.081" />
  <testcase classname="amortizedcola.ColaSpec" name="increasing sequential insert and search, N=303" time="0.085" />
  <testcase classname="amortizedcola.ColaSpec" name="increasing sequential insert and search, N=304" time="0.082" />
  <testcase classname="amortizedcola.ColaSpec" name="increasing sequential insert and search, N=305" time="0.093" />
  <testcase classname="amortizedcola.ColaSpec" name="increasing sequential insert and search, N=306" time="0.09" />
  <testcase classname="amortizedcola.ColaSpec" name="increasing sequential insert and search, N=307" time="0.1" />
  <testcase classname="amortizedcola.ColaSpec" name="increasing sequential insert and search, N=308" time="0.077" />
  <testcase classname="amortizedcola.ColaSpec" name="increasing sequential insert and search, N=309" time="0.078" />
  <testcase classname="amortizedcola.ColaSpec" name="increasing sequential insert and search, N=310" time="0.077" />
  <testcase classname="amortizedcola.ColaSpec" name="increasing sequential insert and search, N=311" time="0.084" />
  <testcase classname="amortizedcola.ColaSpec" name="increasing sequential insert and search, N=312" time="0.078" />
  <testcase classname="amortizedcola.ColaSpec" name="increasing sequential insert and search, N=313" time="0.081" />
  <testcase classname="amortizedcola.ColaSpec" name="increasing sequential insert and search, N=314" time="0.08" />
  <testcase classname="amortizedcola.ColaSpec" name="increasing sequential insert and search, N=315" time="0.082" />
  <testcase classname="amortizedcola.ColaSpec" name="increasing sequential insert and search, N=316" time="0.079" />
  <testcase classname="amortizedcola.ColaSpec" name="increasing sequential insert and search, N=317" time="0.085" />
  <testcase classname="amortizedcola.ColaSpec" name="increasing sequential insert and search, N=318" time="0.081" />
  <testcase classname="amortizedcola.ColaSpec" name="increasing sequential insert and search, N=319" time="0.083" />
  <testcase classname="amortizedcola.ColaSpec" name="increasing sequential insert and search, N=320" time="0.076" />
  <testcase classname="amortizedcola.ColaSpec" name="increasing sequential insert and search, N=321" time="0.079" />
  <testcase classname="amortizedcola.ColaSpec" name="increasing sequential insert and search, N=322" time="0.086" />
  <testcase classname="amortizedcola.ColaSpec" name="increasing sequential insert and search, N=323" time="0.079" />
  <testcase classname="amortizedcola.ColaSpec" name="increasing sequential insert and search, N=324" time="0.08" />
  <testcase classname="amortizedcola.ColaSpec" name="increasing sequential insert and search, N=325" time="0.078" />
  <testcase classname="amortizedcola.ColaSpec" name="increasing sequential insert and search, N=326" time="0.078" />
  <testcase classname="amortizedcola.ColaSpec" name="increasing sequential insert and search, N=327" time="0.081" />
  <testcase classname="amortizedcola.ColaSpec" name="increasing sequential insert and search, N=328" time="0.08" />
  <testcase classname="amortizedcola.ColaSpec" name="increasing sequential insert and search, N=329" time="0.088" />
  <testcase classname="amortizedcola.ColaSpec" name="increasing sequential insert and search, N=330" time="0.092" />
  <testcase classname="amortizedcola.ColaSpec" name="increasing sequential insert and search, N=331" time="0.088" />
  <testcase classname="amortizedcola.ColaSpec" name="increasing sequential insert and search, N=332" time="0.083" />
  <testcase classname="amortizedcola.ColaSpec" name="increasing sequential insert and search, N=333" time="0.091" />
  <testcase classname="amortizedcola.ColaSpec" name="increasing sequential insert and search, N=334" time="0.087" />
  <testcase classname="amortizedcola.ColaSpec" name="increasing sequential insert and search, N=335" time="0.091" />
  <testcase classname="amortizedcola.ColaSpec" name="increasing sequential insert and search, N=336" time="0.08" />
  <testcase classname="amortizedcola.ColaSpec" name="increasing sequential insert and search, N=337" time="0.084" />
  <testcase classname="amortizedcola.ColaSpec" name="increasing sequential insert and search, N=338" time="0.082" />
  <testcase classname="amortizedcola.ColaSpec" name="increasing sequential insert and search, N=339" time="0.084" />
  <testcase classname="amortizedcola.ColaSpec" name="increasing sequential insert and search, N=340" time="0.083" />
  <testcase classname="amortizedcola.ColaSpec" name="increasing sequential insert and search, N=341" time="0.085" />
  <testcase classname="amortizedcola.ColaSpec" name="increasing sequential insert and search, N=342" time="0.085" />
  <testcase classname="amortizedcola.ColaSpec" name="increasing sequential insert and search, N=343" time="0.09" />
  <testcase classname="amortizedcola.ColaSpec" name="increasing sequential insert and search, N=344" time="0.085" />
  <testcase classname="amortizedcola.ColaSpec" name="increasing sequential insert and search, N=345" time="0.088" />
  <testcase classname="amortizedcola.ColaSpec" name="increasing sequential insert and search, N=346" time="0.089" />
  <testcase classname="amortizedcola.ColaSpec" name="increasing sequential insert and search, N=347" time="0.087" />
  <testcase classname="amortizedcola.ColaSpec" name="increasing sequential insert and search, N=348" time="0.086" />
  <testcase classname="amortizedcola.ColaSpec" name="increasing sequential insert and search, N=349" time="0.089" />
  <testcase classname="amortizedcola.ColaSpec" name="increasing sequential insert and search, N=350" time="0.087" />
  <testcase classname="amortizedcola.ColaSpec" name="increasing sequential insert and search, N=351" time="0.091" />
  <testcase classname="amortizedcola.ColaSpec" name="increasing sequential insert and search, N=352" time="0.082" />
  <testcase classname="amortizedcola.ColaSpec" name="increasing sequential insert and search, N=353" time="0.086" />
  <testcase classname="amortizedcola.ColaSpec" name="increasing sequential insert and search, N=354" time="0.085" />
  <testcase classname="amortizedcola.ColaSpec" name="increasing sequential insert and search, N=355" time="0.089" />
  <testcase classname="amortizedcola.ColaSpec" name="increasing sequential insert and search, N=356" time="0.084" />
  <testcase classname="amortizedcola.ColaSpec" name="increasing sequential insert and search, N=357" time="0.087" />
  <testcase classname="amortizedcola.ColaSpec" name="increasing sequential insert and search, N=358" time="0.085" />
  <testcase classname="amortizedcola.ColaSpec" name="increasing sequential insert and search, N=359" time="0.09" />
  <testcase classname="amortizedcola.ColaSpec" name="increasing sequential insert and search, N=360" time="0.107" />
  <testcase classname="amortizedcola.ColaSpec" name="increasing sequential insert and search, N=361" time="0.118" />
  <testcase classname="amortizedcola.ColaSpec" name="increasing sequential insert and search, N=362" time="0.095" />
  <testcase classname="amortizedcola.ColaSpec" name="increasing sequential insert and search, N=363" time="0.091" />
  <testcase classname="amortizedcola.ColaSpec" name="increasing sequential insert and search, N=364" time="0.095" />
  <testcase classname="amortizedcola.ColaSpec" name="increasing sequential insert and search, N=365" time="0.092" />
  <testcase classname="amortizedcola.ColaSpec" name="increasing sequential insert and search, N=366" time="0.091" />
  <testcase classname="amortizedcola.ColaSpec" name="increasing sequential insert and search, N=367" time="0.095" />
  <testcase classname="amortizedcola.ColaSpec" name="increasing sequential insert and search, N=368" time="0.102" />
  <testcase classname="amortizedcola.ColaSpec" name="increasing sequential insert and search, N=369" time="0.093" />
  <testcase classname="amortizedcola.ColaSpec" name="increasing sequential insert and search, N=370" time="0.089" />
  <testcase classname="amortizedcola.ColaSpec" name="increasing sequential insert and search, N=371" time="0.091" />
  <testcase classname="amortizedcola.ColaSpec" name="increasing sequential insert and search, N=372" time="0.091" />
  <testcase classname="amortizedcola.ColaSpec" name="increasing sequential insert and search, N=373" time="0.09" />
  <testcase classname="amortizedcola.ColaSpec" name="increasing sequential insert and search, N=374" time="0.092" />
  <testcase classname="amortizedcola.ColaSpec" name="increasing sequential insert and search, N=375" time="0.091" />
  <testcase classname="amortizedcola.ColaSpec" name="increasing sequential insert and search, N=376" time="0.093" />
  <testcase classname="amortizedcola.ColaSpec" name="increasing sequential insert and search, N=377" time="0.094" />
  <testcase classname="amortizedcola.ColaSpec" name="increasing sequential insert and search, N=378" time="0.116" />
  <testcase classname="amortizedcola.ColaSpec" name="increasing sequential insert and search, N=379" time="0.128" />
  <testcase classname="amortizedcola.ColaSpec" name="increasing sequential insert and search, N=380" time="0.11" />
  <testcase classname="amortizedcola.ColaSpec" name="increasing sequential insert and search, N=381" time="0.095" />
  <testcase classname="amortizedcola.ColaSpec" name="increasing sequential insert and search, N=382" time="0.096" />
  <testcase classname="amortizedcola.ColaSpec" name="increasing sequential insert and search, N=383" time="0.096" />
  <testcase classname="amortizedcola.ColaSpec" name="increasing sequential insert and search, N=384" time="0.092" />
  <testcase classname="amortizedcola.ColaSpec" name="increasing sequential insert and search, N=385" time="0.093" />
  <testcase classname="amortizedcola.ColaSpec" name="increasing sequential insert and search, N=386" time="0.095" />
  <testcase classname="amortizedcola.ColaSpec" name="increasing sequential insert and search, N=387" time="0.096" />
  <testcase classname="amortizedcola.ColaSpec" name="increasing sequential insert and search, N=388" time="0.095" />
  <testcase classname="amortizedcola.ColaSpec" name="increasing sequential insert and search, N=389" time="0.093" />
  <testcase classname="amortizedcola.ColaSpec" name="increasing sequential insert and search, N=390" time="0.095" />
  <testcase classname="amortizedcola.ColaSpec" name="increasing sequential insert and search, N=391" time="0.132" />
  <testcase classname="amortizedcola.ColaSpec" name="increasing sequential insert and search, N=392" time="0.103" />
  <testcase classname="amortizedcola.ColaSpec" name="increasing sequential insert and search, N=393" time="0.109" />
  <testcase classname="amortizedcola.ColaSpec" name="increasing sequential insert and search, N=394" time="0.104" />
  <testcase classname="amortizedcola.ColaSpec" name="increasing sequential insert and search, N=395" time="0.098" />
  <testcase classname="amortizedcola.ColaSpec" name="increasing sequential insert and search, N=396" time="0.096" />
  <testcase classname="amortizedcola.ColaSpec" name="increasing sequential insert and search, N=397" time="0.104" />
  <testcase classname="amortizedcola.ColaSpec" name="increasing sequential insert and search, N=398" time="0.1" />
  <testcase classname="amortizedcola.ColaSpec" name="increasing sequential insert and search, N=399" time="0.102" />
  <testcase classname="amortizedcola.ColaSpec" name="increasing sequential insert and search, N=400" time="0.094" />
  <testcase classname="amortizedcola.ColaSpec" name="increasing sequential insert and search, N=401" time="0.102" />
  <testcase classname="amortizedcola.ColaSpec" name="increasing sequential insert and search, N=402" time="0.127" />
  <testcase classname="amortizedcola.ColaSpec" name="increasing sequential insert and search, N=403" time="0.102" />
  <testcase classname="amortizedcola.ColaSpec" name="increasing sequential insert and search, N=404" time="0.1" />
  <testcase classname="amortizedcola.ColaSpec" name="increasing sequential insert and search, N=405" time="0.103" />
  <testcase classname="amortizedcola.ColaSpec" name="increasing sequential insert and search, N=406" time="0.105" />
  <testcase classname="amortizedcola.ColaSpec" name="increasing sequential insert and search, N=407" time="0.102" />
  <testcase classname="amortizedcola.ColaSpec" name="increasing sequential insert and search, N=408" time="0.103" />
  <testcase classname="amortizedcola.ColaSpec" name="increasing sequential insert and search, N=409" time="0.107" />
  <testcase classname="amortizedcola.ColaSpec" name="increasing sequential insert and search, N=410" time="0.104" />
  <testcase classname="amortizedcola.ColaSpec" name="increasing sequential insert and search, N=411" time="0.109" />
  <testcase classname="amortizedcola.ColaSpec" name="increasing sequential insert and search, N=412" time="0.106" />
  <testcase classname="amortizedcola.ColaSpec" name="increasing sequential insert and search, N=413" time="0.106" />
  <testcase classname="amortizedcola.ColaSpec" name="increasing sequential insert and search, N=414" time="0.107" />
  <testcase classname="amortizedcola.ColaSpec" name="increasing sequential insert and search, N=415" time="0.11" />
  <testcase classname="amortizedcola.ColaSpec" name="increasing sequential insert and search, N=416" time="0.097" />
  <testcase classname="amortizedcola.ColaSpec" name="increasing sequential insert and search, N=417" time="0.101" />
  <testcase classname="amortizedcola.ColaSpec" name="increasing sequential insert and search, N=418" time="0.101" />
  <testcase classname="amortizedcola.ColaSpec" name="increasing sequential insert and search, N=419" time="0.102" />
  <testcase classname="amortizedcola.ColaSpec" name="increasing sequential insert and search, N=420" time="0.1" />
  <testcase classname="amortizedcola.ColaSpec" name="increasing sequential insert and search, N=421" time="0.102" />
  <testcase classname="amortizedcola.ColaSpec" name="increasing sequential insert and search, N=422" time="0.106" />
  <testcase classname="amortizedcola.ColaSpec" name="increasing sequential insert and search, N=423" time="0.109" />
  <testcase classname="amortizedcola.ColaSpec" name="increasing sequential insert and search, N=424" time="0.121" />
  <testcase classname="amortizedcola.ColaSpec" name="increasing sequential insert and search, N=425" time="0.115" />
  <testcase classname="amortizedcola.ColaSpec" name="increasing sequential insert and search, N=426" time="0.11" />
  <testcase classname="amortizedcola.ColaSpec" name="increasing sequential insert and search, N=427" time="0.109" />
  <testcase classname="amortizedcola.ColaSpec" name="increasing sequential insert and search, N=428" time="0.112" />
  <testcase classname="amortizedcola.ColaSpec" name="increasing sequential insert and search, N=429" time="0.113" />
  <testcase classname="amortizedcola.ColaSpec" name="increasing sequential insert and search, N=430" time="0.129" />
  <testcase classname="amortizedcola.ColaSpec" name="increasing sequential insert and search, N=431" time="0.113" />
  <testcase classname="amortizedcola.ColaSpec" name="increasing sequential insert and search, N=432" time="0.112" />
  <testcase classname="amortizedcola.ColaSpec" name="increasing sequential insert and search, N=433" time="0.117" />
  <testcase classname="amortizedcola.ColaSpec" name="increasing sequential insert and search, N=434" time="0.141" />
  <testcase classname="amortizedcola.ColaSpec" name="increasing sequential insert and search, N=435" time="0.116" />
  <testcase classname="amortizedcola.ColaSpec" name="increasing sequential insert and search, N=436" time="0.112" />
  <testcase classname="amortizedcola.ColaSpec" name="increasing sequential insert and search, N=437" time="0.108" />
  <testcase classname="amortizedcola.ColaSpec" name="increasing sequential insert and search, N=438" time="0.107" />
  <testcase classname="amortizedcola.ColaSpec" name="increasing sequential insert and search, N=439" time="0.111" />
  <testcase classname="amortizedcola.ColaSpec" name="increasing sequential insert and search, N=440" time="0.106" />
  <testcase classname="amortizedcola.ColaSpec" name="increasing sequential insert and search, N=441" time="0.111" />
  <testcase classname="amortizedcola.ColaSpec" name="increasing sequential insert and search, N=442" time="0.111" />
  <testcase classname="amortizedcola.ColaSpec" name="increasing sequential insert and search, N=443" time="0.114" />
  <testcase classname="amortizedcola.ColaSpec" name="increasing sequential insert and search, N=444" time="0.11" />
  <testcase classname="amortizedcola.ColaSpec" name="increasing sequential insert and search, N=445" time="0.112" />
  <testcase classname="amortizedcola.ColaSpec" name="increasing sequential insert and search, N=446" time="0.115" />
  <testcase classname="amortizedcola.ColaSpec" name="increasing sequential insert and search, N=447" time="0.13" />
  <testcase classname="amortizedcola.ColaSpec" name="increasing sequential insert and search, N=448" time="0.146" />
  <testcase classname="amortizedcola.ColaSpec" name="increasing sequential insert and search, N=449" time="0.109" />
  <testcase classname="amortizedcola.ColaSpec" name="increasing sequential insert and search, N=450" time="0.112" />
  <testcase classname="amortizedcola.ColaSpec" name="increasing sequential insert and search, N=451" time="0.125" />
  <testcase classname="amortizedcola.ColaSpec" name="increasing sequential insert and search, N=452" time="0.108" />
  <testcase classname="amortizedcola.ColaSpec" name="increasing sequential insert and search, N=453" time="0.109" />
  <testcase classname="amortizedcola.ColaSpec" name="increasing sequential insert and search, N=454" time="0.11" />
  <testcase classname="amortizedcola.ColaSpec" name="increasing sequential insert and search, N=455" time="0.109" />
  <testcase classname="amortizedcola.ColaSpec" name="increasing sequential insert and search, N=456" time="0.114" />
  <testcase classname="amortizedcola.ColaSpec" name="increasing sequential insert and search, N=457" time="0.117" />
  <testcase classname="amortizedcola.ColaSpec" name="increasing sequential insert and search, N=458" time="0.116" />
  <testcase classname="amortizedcola.ColaSpec" name="increasing sequential insert and search, N=459" time="0.12" />
  <testcase classname="amortizedcola.ColaSpec" name="increasing sequential insert and search, N=460" time="0.119" />
  <testcase classname="amortizedcola.ColaSpec" name="increasing sequential insert and search, N=461" time="0.157" />
  <testcase classname="amortizedcola.ColaSpec" name="increasing sequential insert and search, N=462" time="0.176" />
  <testcase classname="amortizedcola.ColaSpec" name="increasing sequential insert and search, N=463" time="0.124" />
  <testcase classname="amortizedcola.ColaSpec" name="increasing sequential insert and search, N=464" time="0.112" />
  <testcase classname="amortizedcola.ColaSpec" name="increasing sequential insert and search, N=465" time="0.11" />
  <testcase classname="amortizedcola.ColaSpec" name="increasing sequential insert and search, N=466" time="0.115" />
  <testcase classname="amortizedcola.ColaSpec" name="increasing sequential insert and search, N=467" time="0.119" />
  <testcase classname="amortizedcola.ColaSpec" name="increasing sequential insert and search, N=468" time="0.14" />
  <testcase classname="amortizedcola.ColaSpec" name="increasing sequential insert and search, N=469" time="0.116" />
  <testcase classname="amortizedcola.ColaSpec" name="increasing sequential insert and search, N=470" time="0.124" />
  <testcase classname="amortizedcola.ColaSpec" name="increasing sequential insert and search, N=471" time="0.153" />
  <testcase classname="amortizedcola.ColaSpec" name="increasing sequential insert and search, N=472" time="0.116" />
  <testcase classname="amortizedcola.ColaSpec" name="increasing sequential insert and search, N=473" time="0.127" />
  <testcase classname="amortizedcola.ColaSpec" name="increasing sequential insert and search, N=474" time="0.119" />
  <testcase classname="amortizedcola.ColaSpec" name="increasing sequential insert and search, N=475" time="0.123" />
  <testcase classname="amortizedcola.ColaSpec" name="increasing sequential insert and search, N=476" time="0.119" />
  <testcase classname="amortizedcola.ColaSpec" name="increasing sequential insert and search, N=477" time="0.121" />
  <testcase classname="amortizedcola.ColaSpec" name="increasing sequential insert and search, N=478" time="0.121" />
  <testcase classname="amortizedcola.ColaSpec" name="increasing sequential insert and search, N=479" time="0.12" />
  <testcase classname="amortizedcola.ColaSpec" name="increasing sequential insert and search, N=480" time="0.113" />
  <testcase classname="amortizedcola.ColaSpec" name="increasing sequential insert and search, N=481" time="0.114" />
  <testcase classname="amortizedcola.ColaSpec" name="increasing sequential insert and search, N=482" time="0.117" />
  <testcase classname="amortizedcola.ColaSpec" name="increasing sequential insert and search, N=483" time="0.118" />
  <testcase classname="amortizedcola.ColaSpec" name="increasing sequential insert and search, N=484" time="0.114" />
  <testcase classname="amortizedcola.ColaSpec" name="increasing sequential insert and search, N=485" time="0.119" />
  <testcase classname="amortizedcola.ColaSpec" name="increasing sequential insert and search, N=486" time="0.117" />
  <testcase classname="amortizedcola.ColaSpec" name="increasing sequential insert and search, N=487" time="0.116" />
  <testcase classname="amortizedcola.ColaSpec" name="increasing sequential insert and search, N=488" time="0.126" />
  <testcase classname="amortizedcola.ColaSpec" name="increasing sequential insert and search, N=489" time="0.126" />
  <testcase classname="amortizedcola.ColaSpec" name="increasing sequential insert and search, N=490" time="0.129" />
  <testcase classname="amortizedcola.ColaSpec" name="increasing sequential insert and search, N=491" time="0.129" />
  <testcase classname="amortizedcola.ColaSpec" name="increasing sequential insert and search, N=492" time="0.129" />
  <testcase classname="amortizedcola.ColaSpec" name="increasing sequential insert and search, N=493" time="0.128" />
  <testcase classname="amortizedcola.ColaSpec" name="increasing sequential insert and search, N=494" time="0.129" />
  <testcase classname="amortizedcola.ColaSpec" name="increasing sequential insert and search, N=495" time="0.127" />
  <testcase classname="amortizedcola.ColaSpec" name="increasing sequential insert and search, N=496" time="0.122" />
  <testcase classname="amortizedcola.ColaSpec" name="increasing sequential insert and search, N=497" time="0.137" />
  <testcase classname="amortizedcola.ColaSpec" name="increasing sequential insert and search, N=498" time="0.124" />
  <testcase classname="amortizedcola.ColaSpec" name="increasing sequential insert and search, N=499" time="0.124" />
  <testcase classname="amortizedcola.ColaSpec" name="increasing sequential insert and search, N=500" time="0.124" />
  <testcase classname="amortizedcola.ColaSpec" name="increasing sequential insert and search, N=501" time="0.127" />
  <testcase classname="amortizedcola.ColaSpec" name="increasing sequential insert and search, N=502" time="0.122" />
  <testcase classname="amortizedcola.ColaSpec" name="increasing sequential insert and search, N=503" time="0.12" />
  <testcase classname="amortizedcola.ColaSpec" name="increasing sequential insert and search, N=504" time="0.117" />
  <testcase classname="amortizedcola.ColaSpec" name="increasing sequential insert and search, N=505" time="0.127" />
  <testcase classname="amortizedcola.ColaSpec" name="increasing sequential insert and search, N=506" time="0.13" />
  <testcase classname="amortizedcola.ColaSpec" name="increasing sequential insert and search, N=507" time="0.124" />
  <testcase classname="amortizedcola.ColaSpec" name="increasing sequential insert and search, N=508" time="0.126" />
  <testcase classname="amortizedcola.ColaSpec" name="increasing sequential insert and search, N=509" time="0.124" />
  <testcase classname="amortizedcola.ColaSpec" name="increasing sequential insert and search, N=510" time="0.13" />
  <testcase classname="amortizedcola.ColaSpec" name="increasing sequential insert and search, N=511" time="0.142" />
  <testcase classname="amortizedcola.ColaSpec" name="increasing sequential insert and search, N=512" time="0.133" />
  <testcase classname="amortizedcola.ColaSpec" name="increasing sequential insert and search, N=513" time="0.144" />
  <testcase classname="amortizedcola.ColaSpec" name="decreasing sequential insert and search, N=1" time="0.018" />
  <testcase classname="amortizedcola.ColaSpec" name="decreasing sequential insert and search, N=2" time="0.001" />
  <testcase classname="amortizedcola.ColaSpec" name="decreasing sequential insert and search, N=3" time="0.001" />
  <testcase classname="amortizedcola.ColaSpec" name="decreasing sequential insert and search, N=4" time="0.002" />
  <testcase classname="amortizedcola.ColaSpec" name="decreasing sequential insert and search, N=5" time="0.002" />
  <testcase classname="amortizedcola.ColaSpec" name="decreasing sequential insert and search, N=6" time="0.003" />
  <testcase classname="amortizedcola.ColaSpec" name="decreasing sequential insert and search, N=7" time="0.002" />
  <testcase classname="amortizedcola.ColaSpec" name="decreasing sequential insert and search, N=8" time="0.003" />
  <testcase classname="amortizedcola.ColaSpec" name="decreasing sequential insert and search, N=9" time="0.003" />
  <testcase classname="amortizedcola.ColaSpec" name="decreasing sequential insert and search, N=10" time="0.003" />
  <testcase classname="amortizedcola.ColaSpec" name="decreasing sequential insert and search, N=11" time="0.003" />
  <testcase classname="amortizedcola.ColaSpec" name="decreasing sequential insert and search, N=12" time="0.005" />
  <testcase classname="amortizedcola.ColaSpec" name="decreasing sequential insert and search, N=13" time="0.004" />
  <testcase classname="amortizedcola.ColaSpec" name="decreasing sequential insert and search, N=14" time="0.003" />
  <testcase classname="amortizedcola.ColaSpec" name="decreasing sequential insert and search, N=15" time="0.004" />
  <testcase classname="amortizedcola.ColaSpec" name="decreasing sequential insert and search, N=16" time="0.005" />
  <testcase classname="amortizedcola.ColaSpec" name="decreasing sequential insert and search, N=17" time="0.005" />
  <testcase classname="amortizedcola.ColaSpec" name="decreasing sequential insert and search, N=18" time="0.005" />
  <testcase classname="amortizedcola.ColaSpec" name="decreasing sequential insert and search, N=19" time="0.006" />
  <testcase classname="amortizedcola.ColaSpec" name="decreasing sequential insert and search, N=20" time="0.006" />
  <testcase classname="amortizedcola.ColaSpec" name="decreasing sequential insert and search, N=21" time="0.006" />
  <testcase classname="amortizedcola.ColaSpec" name="decreasing sequential insert and search, N=22" time="0.005" />
  <testcase classname="amortizedcola.ColaSpec" name="decreasing sequential insert and search, N=23" time="0.005" />
  <testcase classname="amortizedcola.ColaSpec" name="decreasing sequential insert and search, N=24" time="0.006" />
  <testcase classname="amortizedcola.ColaSpec" name="decreasing sequential insert and search, N=25" time="0.008" />
  <testcase classname="amortizedcola.ColaSpec" name="decreasing sequential insert and search, N=26" time="0.008" />
  <testcase classname="amortizedcola.ColaSpec" name="decreasing sequential insert and search, N=27" time="0.009" />
  <testcase classname="amortizedcola.ColaSpec" name="decreasing sequential insert and search, N=28" time="0.008" />
  <testcase classname="amortizedcola.ColaSpec" name="decreasing sequential insert and search, N=29" time="0.007" />
  <testcase classname="amortizedcola.ColaSpec" name="decreasing sequential insert and search, N=30" time="0.009" />
  <testcase classname="amortizedcola.ColaSpec" name="decreasing sequential insert and search, N=31" time="0.006" />
  <testcase classname="amortizedcola.ColaSpec" name="decreasing sequential insert and search, N=32" time="0.009" />
  <testcase classname="amortizedcola.ColaSpec" name="decreasing sequential insert and search, N=33" time="0.008" />
  <testcase classname="amortizedcola.ColaSpec" name="decreasing sequential insert and search, N=34" time="0.011" />
  <testcase classname="amortizedcola.ColaSpec" name="decreasing sequential insert and search, N=35" time="0.01" />
  <testcase classname="amortizedcola.ColaSpec" name="decreasing sequential insert and search, N=36" time="0.01" />
  <testcase classname="amortizedcola.ColaSpec" name="decreasing sequential insert and search, N=37" time="0.018" />
  <testcase classname="amortizedcola.ColaSpec" name="decreasing sequential insert and search, N=38" time="0.009" />
  <testcase classname="amortizedcola.ColaSpec" name="decreasing sequential insert and search, N=39" time="0.011" />
  <testcase classname="amortizedcola.ColaSpec" name="decreasing sequential insert and search, N=40" time="0.009" />
  <testcase classname="amortizedcola.ColaSpec" name="decreasing sequential insert and search, N=41" time="0.01" />
  <testcase classname="amortizedcola.ColaSpec" name="decreasing sequential insert and search, N=42" time="0.009" />
  <testcase classname="amortizedcola.ColaSpec" name="decreasing sequential insert and search, N=43" time="0.012" />
  <testcase classname="amortizedcola.ColaSpec" name="decreasing sequential insert and search, N=44" time="0.009" />
  <testcase classname="amortizedcola.ColaSpec" name="decreasing sequential insert and search, N=45" time="0.01" />
  <testcase classname="amortizedcola.ColaSpec" name="decreasing sequential insert and search, N=46" time="0.008" />
  <testcase classname="amortizedcola.ColaSpec" name="decreasing sequential insert and search, N=47" time="0.01" />
  <testcase classname="amortizedcola.ColaSpec" name="decreasing sequential insert and search, N=48" time="0.014" />
  <testcase classname="amortizedcola.ColaSpec" name="decreasing sequential insert and search, N=49" time="0.008" />
  <testcase classname="amortizedcola.ColaSpec" name="decreasing sequential insert and search, N=50" time="0.012" />
  <testcase classname="amortizedcola.ColaSpec" name="decreasing sequential insert and search, N=51" time="0.009" />
  <testcase classname="amortizedcola.ColaSpec" name="decreasing sequential insert and search, N=52" time="0.009" />
  <testcase classname="amortizedcola.ColaSpec" name="decreasing sequential insert and search, N=53" time="0.009" />
  <testcase classname="amortizedcola.ColaSpec" name="decreasing sequential insert and search, N=54" time="0.009" />
  <testcase classname="amortizedcola.ColaSpec" name="decreasing sequential insert and search, N=55" time="0.011" />
  <testcase classname="amortizedcola.ColaSpec" name="decreasing sequential insert and search, N=56" time="0.011" />
  <testcase classname="amortizedcola.ColaSpec" name="decreasing sequential insert and search, N=57" time="0.01" />
  <testcase classname="amortizedcola.ColaSpec" name="decreasing sequential insert and search, N=58" time="0.01" />
  <testcase classname="amortizedcola.ColaSpec" name="decreasing sequential insert and search, N=59" time="0.012" />
  <testcase classname="amortizedcola.ColaSpec" name="decreasing sequential insert and search, N=60" time="0.01" />
  <testcase classname="amortizedcola.ColaSpec" name="decreasing sequential insert and search, N=61" time="0.011" />
  <testcase classname="amortizedcola.ColaSpec" name="decreasing sequential insert and search, N=62" time="0.011" />
  <testcase classname="amortizedcola.ColaSpec" name="decreasing sequential insert and search, N=63" time="0.015" />
  <testcase classname="amortizedcola.ColaSpec" name="decreasing sequential insert and search, N=64" time="0.014" />
  <testcase classname="amortizedcola.ColaSpec" name="decreasing sequential insert and search, N=65" time="0.016" />
  <testcase classname="amortizedcola.ColaSpec" name="decreasing sequential insert and search, N=66" time="0.014" />
  <testcase classname="amortizedcola.ColaSpec" name="decreasing sequential insert and search, N=67" time="0.015" />
  <testcase classname="amortizedcola.ColaSpec" name="decreasing sequential insert and search, N=68" time="0.017" />
  <testcase classname="amortizedcola.ColaSpec" name="decreasing sequential insert and search, N=69" time="0.012" />
  <testcase classname="amortizedcola.ColaSpec" name="decreasing sequential insert and search, N=70" time="0.013" />
  <testcase classname="amortizedcola.ColaSpec" name="decreasing sequential insert and search, N=71" time="0.014" />
  <testcase classname="amortizedcola.ColaSpec" name="decreasing sequential insert and search, N=72" time="0.014" />
  <testcase classname="amortizedcola.ColaSpec" name="decreasing sequential insert and search, N=73" time="0.013" />
  <testcase classname="amortizedcola.ColaSpec" name="decreasing sequential insert and search, N=74" time="0.014" />
  <testcase classname="amortizedcola.ColaSpec" name="decreasing sequential insert and search, N=75" time="0.014" />
  <testcase classname="amortizedcola.ColaSpec" name="decreasing sequential insert and search, N=76" time="0.016" />
  <testcase classname="amortizedcola.ColaSpec" name="decreasing sequential insert and search, N=77" time="0.015" />
  <testcase classname="amortizedcola.ColaSpec" name="decreasing sequential insert and search, N=78" time="0.015" />
  <testcase classname="amortizedcola.ColaSpec" name="decreasing sequential insert and search, N=79" time="0.015" />
  <testcase classname="amortizedcola.ColaSpec" name="decreasing sequential insert and search, N=80" time="0.016" />
  <testcase classname="amortizedcola.ColaSpec" name="decreasing sequential insert and search, N=81" time="0.017" />
  <testcase classname="amortizedcola.ColaSpec" name="decreasing sequential insert and search, N=82" time="0.019" />
  <testcase classname="amortizedcola.ColaSpec" name="decreasing sequential insert and search, N=83" time="0.017" />
  <testcase classname="amortizedcola.ColaSpec" name="decreasing sequential insert and search, N=84" time="0.016" />
  <testcase classname="amortizedcola.ColaSpec" name="decreasing sequential insert and search, N=85" time="0.017" />
  <testcase classname="amortizedcola.ColaSpec" name="decreasing sequential insert and search, N=86" time="0.017" />
  <testcase classname="amortizedcola.ColaSpec" name="decreasing sequential insert and search, N=87" time="0.017" />
  <testcase classname="amortizedcola.ColaSpec" name="decreasing sequential insert and search, N=88" time="0.019" />
  <testcase classname="amortizedcola.ColaSpec" name="decreasing sequential insert and search, N=89" time="0.019" />
  <testcase classname="amortizedcola.ColaSpec" name="decreasing sequential insert and search, N=90" time="0.018" />
  <testcase classname="amortizedcola.ColaSpec" name="decreasing sequential insert and search, N=91" time="0.019" />
  <testcase classname="amortizedcola.ColaSpec" name="decreasing sequential insert and search, N=92" time="0.02" />
  <testcase classname="amortizedcola.ColaSpec" name="decreasing sequential insert and search, N=93" time="0.022" />
  <testcase classname="amortizedcola.ColaSpec" name="decreasing sequential insert and search, N=94" time="0.021" />
  <testcase classname="amortizedcola.ColaSpec" name="decreasing sequential insert and search, N=95" time="0.021" />
  <testcase classname="amortizedcola.ColaSpec" name="decreasing sequential insert and search, N=96" time="0.019" />
  <testcase classname="amortizedcola.ColaSpec" name="decreasing sequential insert and search, N=97" time="0.018" />
  <testcase classname="amortizedcola.ColaSpec" name="decreasing sequential insert and search, N=98" time="0.019" />
  <testcase classname="amortizedcola.ColaSpec" name="decreasing sequential insert and search, N=99" time="0.019" />
  <testcase classname="amortizedcola.ColaSpec" name="decreasing sequential insert and search, N=100" time="0.019" />
  <testcase classname="amortizedcola.ColaSpec" name="decreasing sequential insert and search, N=101" time="0.019" />
  <testcase classname="amortizedcola.ColaSpec" name="decreasing sequential insert and search, N=102" time="0.02" />
  <testcase classname="amortizedcola.ColaSpec" name="decreasing sequential insert and search, N=103" time="0.023" />
  <testcase classname="amortizedcola.ColaSpec" name="decreasing sequential insert and search, N=104" time="0.022" />
  <testcase classname="amortizedcola.ColaSpec" name="decreasing sequential insert and search, N=105" time="0.027" />
  <testcase classname="amortizedcola.ColaSpec" name="decreasing sequential insert and search, N=106" time="0.026" />
  <testcase classname="amortizedcola.ColaSpec" name="decreasing sequential insert and search, N=107" time="0.025" />
  <testcase classname="amortizedcola.ColaSpec" name="decreasing sequential insert and search, N=108" time="0.026" />
  <testcase classname="amortizedcola.ColaSpec" name="decreasing sequential insert and search, N=109" time="0.026" />
  <testcase classname="amortizedcola.ColaSpec" name="decreasing sequential insert and search, N=110" time="0.022" />
  <testcase classname="amortizedcola.ColaSpec" name="decreasing sequential insert and search, N=111" time="0.023" />
  <testcase classname="amortizedcola.ColaSpec" name="decreasing sequential insert and search, N=112" time="0.029" />
  <testcase classname="amortizedcola.ColaSpec" name="decreasing sequential insert and search, N=113" time="0.022" />
  <testcase classname="amortizedcola.ColaSpec" name="decreasing sequential insert and search, N=114" time="0.031" />
  <testcase classname="amortizedcola.ColaSpec" name="decreasing sequential insert and search, N=115" time="0.03" />
  <testcase classname="amortizedcola.ColaSpec" name="decreasing sequential insert and search, N=116" time="0.031" />
  <testcase classname="amortizedcola.ColaSpec" name="decreasing sequential insert and search, N=117" time="0.03" />
  <testcase classname="amortizedcola.ColaSpec" name="decreasing sequential insert and search, N=118" time="0.038" />
  <testcase classname="amortizedcola.ColaSpec" name="decreasing sequential insert and search, N=119" time="0.036" />
  <testcase classname="amortizedcola.ColaSpec" name="decreasing sequential insert and search, N=120" time="0.041" />
  <testcase classname="amortizedcola.ColaSpec" name="decreasing sequential insert and search, N=121" time="0.038" />
  <testcase classname="amortizedcola.ColaSpec" name="decreasing sequential insert and search, N=122" time="0.038" />
  <testcase classname="amortizedcola.ColaSpec" name="decreasing sequential insert and search, N=123" time="0.037" />
  <testcase classname="amortizedcola.ColaSpec" name="decreasing sequential insert and search, N=124" time="0.039" />
  <testcase classname="amortizedcola.ColaSpec" name="decreasing sequential insert and search, N=125" time="0.043" />
  <testcase classname="amortizedcola.ColaSpec" name="decreasing sequential insert and search, N=126" time="0.032" />
  <testcase classname="amortizedcola.ColaSpec" name="decreasing sequential insert and search, N=127" time="0.027" />
  <testcase classname="amortizedcola.ColaSpec" name="decreasing sequential insert and search, N=128" time="0.029" />
  <testcase classname="amortizedcola.ColaSpec" name="decreasing sequential insert and search, N=129" time="0.029" />
  <testcase classname="amortizedcola.ColaSpec" name="decreasing sequential insert and search, N=130" time="0.03" />
  <testcase classname="amortizedcola.ColaSpec" name="decreasing sequential insert and search, N=131" time="0.027" />
  <testcase classname="amortizedcola.ColaSpec" name="decreasing sequential insert and search, N=132" time="0.03" />
  <testcase classname="amortizedcola.ColaSpec" name="decreasing sequential insert and search, N=133" time="0.028" />
  <testcase classname="amortizedcola.ColaSpec" name="decreasing sequential insert and search, N=134" time="0.031" />
  <testcase classname="amortizedcola.ColaSpec" name="decreasing sequential insert and search, N=135" time="0.029" />
  <testcase classname="amortizedcola.ColaSpec" name="decreasing sequential insert and search, N=136" time="0.029" />
  <testcase classname="amortizedcola.ColaSpec" name="decreasing sequential insert and search, N=137" time="0.029" />
  <testcase classname="amortizedcola.ColaSpec" name="decreasing sequential insert and search, N=138" time="0.032" />
  <testcase classname="amortizedcola.ColaSpec" name="decreasing sequential insert and search, N=139" time="0.033" />
  <testcase classname="amortizedcola.ColaSpec" name="decreasing sequential insert and search, N=140" time="0.032" />
  <testcase classname="amortizedcola.ColaSpec" name="decreasing sequential insert and search, N=141" time="0.071" />
  <testcase classname="amortizedcola.ColaSpec" name="decreasing sequential insert and search, N=142" time="0.085" />
  <testcase classname="amortizedcola.ColaSpec" name="decreasing sequential insert and search, N=143" time="0.048" />
  <testcase classname="amortizedcola.ColaSpec" name="decreasing sequential insert and search, N=144" time="0.03" />
  <testcase classname="amortizedcola.ColaSpec" name="decreasing sequential insert and search, N=145" time="0.031" />
  <testcase classname="amortizedcola.ColaSpec" name="decreasing sequential insert and search, N=146" time="0.03" />
  <testcase classname="amortizedcola.ColaSpec" name="decreasing sequential insert and search, N=147" time="0.03" />
  <testcase classname="amortizedcola.ColaSpec" name="decreasing sequential insert and search, N=148" time="0.032" />
  <testcase classname="amortizedcola.ColaSpec" name="decreasing sequential insert and search, N=149" time="0.031" />
  <testcase classname="amortizedcola.ColaSpec" name="decreasing sequential insert and search, N=150" time="0.031" />
  <testcase classname="amortizedcola.ColaSpec" name="decreasing sequential insert and search, N=151" time="0.031" />
  <testcase classname="amortizedcola.ColaSpec" name="decreasing sequential insert and search, N=152" time="0.034" />
  <testcase classname="amortizedcola.ColaSpec" name="decreasing sequential insert and search, N=153" time="0.033" />
  <testcase classname="amortizedcola.ColaSpec" name="decreasing sequential insert and search, N=154" time="0.037" />
  <testcase classname="amortizedcola.ColaSpec" name="decreasing sequential insert and search, N=155" time="0.034" />
  <testcase classname="amortizedcola.ColaSpec" name="decreasing sequential insert and search, N=156" time="0.037" />
  <testcase classname="amortizedcola.ColaSpec" name="decreasing sequential insert and search, N=157" time="0.042" />
  <testcase classname="amortizedcola.ColaSpec" name="decreasing sequential insert and search, N=158" time="0.043" />
  <testcase classname="amortizedcola.ColaSpec" name="decreasing sequential insert and search, N=159" time="0.039" />
  <testcase classname="amortizedcola.ColaSpec" name="decreasing sequential insert and search, N=160" time="0.038" />
  <testcase classname="amortizedcola.ColaSpec" name="decreasing sequential insert and search, N=161" time="0.037" />
  <testcase classname="amortizedcola.ColaSpec" name="decreasing sequential insert and search, N=162" time="0.036" />
  <testcase classname="amortizedcola.ColaSpec" name="decreasing sequential insert and search, N=163" time="0.034" />
  <testcase classname="amortizedcola.ColaSpec" name="decreasing sequential insert and search, N=164" time="0.035" />
  <testcase classname="amortizedcola.ColaSpec" name="decreasing sequential insert and search, N=165" time="0.033" />
  <testcase classname="amortizedcola.ColaSpec" name="decreasing sequential insert and search, N=166" time="0.034" />
  <testcase classname="amortizedcola.ColaSpec" name="decreasing sequential insert and search, N=167" time="0.034" />
  <testcase classname="amortizedcola.ColaSpec" name="decreasing sequential insert and search, N=168" time="0.038" />
  <testcase classname="amortizedcola.ColaSpec" name="decreasing sequential insert and search, N=169" time="0.036" />
  <testcase classname="amortizedcola.ColaSpec" name="decreasing sequential insert and search, N=170" time="0.037" />
[...]
--Output from pseudo-random insert and search, N=208--
--Output from pseudo-random insert and search, N=209--
--Output from pseudo-random insert and search, N=210--
--Output from pseudo-random insert and search, N=211--
--Output from pseudo-random insert and search, N=212--
--Output from pseudo-random insert and search, N=213--
--Output from pseudo-random insert and search, N=214--
--Output from pseudo-random insert and search, N=215--
--Output from pseudo-random insert and search, N=216--
--Output from pseudo-random insert and search, N=217--
--Output from pseudo-random insert and search, N=218--
--Output from pseudo-random insert and search, N=219--
--Output from pseudo-random insert and search, N=220--
--Output from pseudo-random insert and search, N=221--
--Output from pseudo-random insert and search, N=222--
--Output from pseudo-random insert and search, N=223--
--Output from pseudo-random insert and search, N=224--
--Output from pseudo-random insert and search, N=225--
--Output from pseudo-random insert and search, N=226--
--Output from pseudo-random insert and search, N=227--
--Output from pseudo-random insert and search, N=228--
--Output from pseudo-random insert and search, N=229--
--Output from pseudo-random insert and search, N=230--
--Output from pseudo-random insert and search, N=231--
--Output from pseudo-random insert and search, N=232--
--Output from pseudo-random insert and search, N=233--
--Output from pseudo-random insert and search, N=234--
--Output from pseudo-random insert and search, N=235--
--Output from pseudo-random insert and search, N=236--
--Output from pseudo-random insert and search, N=237--
--Output from pseudo-random insert and search, N=238--
--Output from pseudo-random insert and search, N=239--
--Output from pseudo-random insert and search, N=240--
--Output from pseudo-random insert and search, N=241--
--Output from pseudo-random insert and search, N=242--
--Output from pseudo-random insert and search, N=243--
--Output from pseudo-random insert and search, N=244--
--Output from pseudo-random insert and search, N=245--
--Output from pseudo-random insert and search, N=246--
--Output from pseudo-random insert and search, N=247--
--Output from pseudo-random insert and search, N=248--
--Output from pseudo-random insert and search, N=249--
--Output from pseudo-random insert and search, N=250--
--Output from pseudo-random insert and search, N=251--
--Output from pseudo-random insert and search, N=252--
--Output from pseudo-random insert and search, N=253--
--Output from pseudo-random insert and search, N=254--
--Output from pseudo-random insert and search, N=255--
--Output from pseudo-random insert and search, N=256--
--Output from pseudo-random insert and search, N=257--
--Output from pseudo-random insert and search, N=258--
--Output from pseudo-random insert and search, N=259--
--Output from pseudo-random insert and search, N=260--
--Output from pseudo-random insert and search, N=261--
--Output from pseudo-random insert and search, N=262--
--Output from pseudo-random insert and search, N=263--
--Output from pseudo-random insert and search, N=264--
--Output from pseudo-random insert and search, N=265--
--Output from pseudo-random insert and search, N=266--
--Output from pseudo-random insert and search, N=267--
--Output from pseudo-random insert and search, N=268--
--Output from pseudo-random insert and search, N=269--
--Output from pseudo-random insert and search, N=270--
--Output from pseudo-random insert and search, N=271--
--Output from pseudo-random insert and search, N=272--
--Output from pseudo-random insert and search, N=273--
--Output from pseudo-random insert and search, N=274--
--Output from pseudo-random insert and search, N=275--
--Output from pseudo-random insert and search, N=276--
--Output from pseudo-random insert and search, N=277--
--Output from pseudo-random insert and search, N=278--
--Output from pseudo-random insert and search, N=279--
--Output from pseudo-random insert and search, N=280--
--Output from pseudo-random insert and search, N=281--
--Output from pseudo-random insert and search, N=282--
--Output from pseudo-random insert and search, N=283--
--Output from pseudo-random insert and search, N=284--
--Output from pseudo-random insert and search, N=285--
--Output from pseudo-random insert and search, N=286--
--Output from pseudo-random insert and search, N=287--
--Output from pseudo-random insert and search, N=288--
--Output from pseudo-random insert and search, N=289--
--Output from pseudo-random insert and search, N=290--
--Output from pseudo-random insert and search, N=291--
--Output from pseudo-random insert and search, N=292--
--Output from pseudo-random insert and search, N=293--
--Output from pseudo-random insert and search, N=294--
--Output from pseudo-random insert and search, N=295--
--Output from pseudo-random insert and search, N=296--
--Output from pseudo-random insert and search, N=297--
--Output from pseudo-random insert and search, N=298--
--Output from pseudo-random insert and search, N=299--
--Output from pseudo-random insert and search, N=300--
--Output from pseudo-random insert and search, N=301--
--Output from pseudo-random insert and search, N=302--
--Output from pseudo-random insert and search, N=303--
--Output from pseudo-random insert and search, N=304--
--Output from pseudo-random insert and search, N=305--
--Output from pseudo-random insert and search, N=306--
--Output from pseudo-random insert and search, N=307--
--Output from pseudo-random insert and search, N=308--
--Output from pseudo-random insert and search, N=309--
--Output from pseudo-random insert and search, N=310--
--Output from pseudo-random insert and search, N=311--
--Output from pseudo-random insert and search, N=312--
--Output from pseudo-random insert and search, N=313--
--Output from pseudo-random insert and search, N=314--
--Output from pseudo-random insert and search, N=315--
--Output from pseudo-random insert and search, N=316--
--Output from pseudo-random insert and search, N=317--
--Output from pseudo-random insert and search, N=318--
--Output from pseudo-random insert and search, N=319--
--Output from pseudo-random insert and search, N=320--
--Output from pseudo-random insert and search, N=321--
--Output from pseudo-random insert and search, N=322--
--Output from pseudo-random insert and search, N=323--
--Output from pseudo-random insert and search, N=324--
--Output from pseudo-random insert and search, N=325--
--Output from pseudo-random insert and search, N=326--
--Output from pseudo-random insert and search, N=327--
--Output from pseudo-random insert and search, N=328--
--Output from pseudo-random insert and search, N=329--
--Output from pseudo-random insert and search, N=330--
--Output from pseudo-random insert and search, N=331--
--Output from pseudo-random insert and search, N=332--
--Output from pseudo-random insert and search, N=333--
--Output from pseudo-random insert and search, N=334--
--Output from pseudo-random insert and search, N=335--
--Output from pseudo-random insert and search, N=336--
--Output from pseudo-random insert and search, N=337--
--Output from pseudo-random insert and search, N=338--
--Output from pseudo-random insert and search, N=339--
--Output from pseudo-random insert and search, N=340--
--Output from pseudo-random insert and search, N=341--
--Output from pseudo-random insert and search, N=342--
--Output from pseudo-random insert and search, N=343--
--Output from pseudo-random insert and search, N=344--
--Output from pseudo-random insert and search, N=345--
--Output from pseudo-random insert and search, N=346--
--Output from pseudo-random insert and search, N=347--
--Output from pseudo-random insert and search, N=348--
--Output from pseudo-random insert and search, N=349--
--Output from pseudo-random insert and search, N=350--
--Output from pseudo-random insert and search, N=351--
--Output from pseudo-random insert and search, N=352--
--Output from pseudo-random insert and search, N=353--
--Output from pseudo-random insert and search, N=354--
--Output from pseudo-random insert and search, N=355--
--Output from pseudo-random insert and search, N=356--
--Output from pseudo-random insert and search, N=357--
--Output from pseudo-random insert and search, N=358--
--Output from pseudo-random insert and search, N=359--
--Output from pseudo-random insert and search, N=360--
--Output from pseudo-random insert and search, N=361--
--Output from pseudo-random insert and search, N=362--
--Output from pseudo-random insert and search, N=363--
--Output from pseudo-random insert and search, N=364--
--Output from pseudo-random insert and search, N=365--
--Output from pseudo-random insert and search, N=366--
--Output from pseudo-random insert and search, N=367--
--Output from pseudo-random insert and search, N=368--
--Output from pseudo-random insert and search, N=369--
--Output from pseudo-random insert and search, N=370--
--Output from pseudo-random insert and search, N=371--
--Output from pseudo-random insert and search, N=372--
--Output from pseudo-random insert and search, N=373--
--Output from pseudo-random insert and search, N=374--
--Output from pseudo-random insert and search, N=375--
--Output from pseudo-random insert and search, N=376--
--Output from pseudo-random insert and search, N=377--
--Output from pseudo-random insert and search, N=378--
--Output from pseudo-random insert and search, N=379--
--Output from pseudo-random insert and search, N=380--
--Output from pseudo-random insert and search, N=381--
--Output from pseudo-random insert and search, N=382--
--Output from pseudo-random insert and search, N=383--
--Output from pseudo-random insert and search, N=384--
--Output from pseudo-random insert and search, N=385--
--Output from pseudo-random insert and search, N=386--
--Output from pseudo-random insert and search, N=387--
--Output from pseudo-random insert and search, N=388--
--Output from pseudo-random insert and search, N=389--
--Output from pseudo-random insert and search, N=390--
--Output from pseudo-random insert and search, N=391--
--Output from pseudo-random insert and search, N=392--
--Output from pseudo-random insert and search, N=393--
--Output from pseudo-random insert and search, N=394--
--Output from pseudo-random insert and search, N=395--
--Output from pseudo-random insert and search, N=396--
--Output from pseudo-random insert and search, N=397--
--Output from pseudo-random insert and search, N=398--
--Output from pseudo-random insert and search, N=399--
--Output from pseudo-random insert and search, N=400--
--Output from pseudo-random insert and search, N=401--
--Output from pseudo-random insert and search, N=402--
--Output from pseudo-random insert and search, N=403--
--Output from pseudo-random insert and search, N=404--
--Output from pseudo-random insert and search, N=405--
--Output from pseudo-random insert and search, N=406--
--Output from pseudo-random insert and search, N=407--
--Output from pseudo-random insert and search, N=408--
--Output from pseudo-random insert and search, N=409--
--Output from pseudo-random insert and search, N=410--
--Output from pseudo-random insert and search, N=411--
--Output from pseudo-random insert and search, N=412--
--Output from pseudo-random insert and search, N=413--
--Output from pseudo-random insert and search, N=414--
--Output from pseudo-random insert and search, N=415--
--Output from pseudo-random insert and search, N=416--
--Output from pseudo-random insert and search, N=417--
--Output from pseudo-random insert and search, N=418--
--Output from pseudo-random insert and search, N=419--
--Output from pseudo-random insert and search, N=420--
--Output from pseudo-random insert and search, N=421--
--Output from pseudo-random insert and search, N=422--
--Output from pseudo-random insert and search, N=423--
--Output from pseudo-random insert and search, N=424--
--Output from pseudo-random insert and search, N=425--
--Output from pseudo-random insert and search, N=426--
--Output from pseudo-random insert and search, N=427--
--Output from pseudo-random insert and search, N=428--
--Output from pseudo-random insert and search, N=429--
--Output from pseudo-random insert and search, N=430--
--Output from pseudo-random insert and search, N=431--
--Output from pseudo-random insert and search, N=432--
--Output from pseudo-random insert and search, N=433--
--Output from pseudo-random insert and search, N=434--
--Output from pseudo-random insert and search, N=435--
--Output from pseudo-random insert and search, N=436--
--Output from pseudo-random insert and search, N=437--
--Output from pseudo-random insert and search, N=438--
--Output from pseudo-random insert and search, N=439--
--Output from pseudo-random insert and search, N=440--
--Output from pseudo-random insert and search, N=441--
--Output from pseudo-random insert and search, N=442--
--Output from pseudo-random insert and search, N=443--
--Output from pseudo-random insert and search, N=444--
--Output from pseudo-random insert and search, N=445--
--Output from pseudo-random insert and search, N=446--
--Output from pseudo-random insert and search, N=447--
--Output from pseudo-random insert and search, N=448--
--Output from pseudo-random insert and search, N=449--
--Output from pseudo-random insert and search, N=450--
--Output from pseudo-random insert and search, N=451--
--Output from pseudo-random insert and search, N=452--
--Output from pseudo-random insert and search, N=453--
--Output from pseudo-random insert and search, N=454--
--Output from pseudo-random insert and search, N=455--
--Output from pseudo-random insert and search, N=456--
--Output from pseudo-random insert and search, N=457--
--Output from pseudo-random insert and search, N=458--
--Output from pseudo-random insert and search, N=459--
--Output from pseudo-random insert and search, N=460--
--Output from pseudo-random insert and search, N=461--
--Output from pseudo-random insert and search, N=462--
--Output from pseudo-random insert and search, N=463--
--Output from pseudo-random insert and search, N=464--
--Output from pseudo-random insert and search, N=465--
--Output from pseudo-random insert and search, N=466--
--Output from pseudo-random insert and search, N=467--
--Output from pseudo-random insert and search, N=468--
--Output from pseudo-random insert and search, N=469--
--Output from pseudo-random insert and search, N=470--
--Output from pseudo-random insert and search, N=471--
--Output from pseudo-random insert and search, N=472--
--Output from pseudo-random insert and search, N=473--
--Output from pseudo-random insert and search, N=474--
--Output from pseudo-random insert and search, N=475--
--Output from pseudo-random insert and search, N=476--
--Output from pseudo-random insert and search, N=477--
--Output from pseudo-random insert and search, N=478--
--Output from pseudo-random insert and search, N=479--
--Output from pseudo-random insert and search, N=480--
--Output from pseudo-random insert and search, N=481--
--Output from pseudo-random insert and search, N=482--
--Output from pseudo-random insert and search, N=483--
--Output from pseudo-random insert and search, N=484--
--Output from pseudo-random insert and search, N=485--
--Output from pseudo-random insert and search, N=486--
--Output from pseudo-random insert and search, N=487--
--Output from pseudo-random insert and search, N=488--
--Output from pseudo-random insert and search, N=489--
--Output from pseudo-random insert and search, N=490--
--Output from pseudo-random insert and search, N=491--
--Output from pseudo-random insert and search, N=492--
--Output from pseudo-random insert and search, N=493--
--Output from pseudo-random insert and search, N=494--
--Output from pseudo-random insert and search, N=495--
--Output from pseudo-random insert and search, N=496--
--Output from pseudo-random insert and search, N=497--
--Output from pseudo-random insert and search, N=498--
--Output from pseudo-random insert and search, N=499--
--Output from pseudo-random insert and search, N=500--
--Output from pseudo-random insert and search, N=501--
--Output from pseudo-random insert and search, N=502--
--Output from pseudo-random insert and search, N=503--
--Output from pseudo-random insert and search, N=504--
--Output from pseudo-random insert and search, N=505--
--Output from pseudo-random insert and search, N=506--
--Output from pseudo-random insert and search, N=507--
--Output from pseudo-random insert and search, N=508--
--Output from pseudo-random insert and search, N=509--
--Output from pseudo-random insert and search, N=510--
--Output from pseudo-random insert and search, N=511--
--Output from pseudo-random insert and search, N=512--
--Output from pseudo-random insert and search, N=513--
--Output from overlapping insert and search, N=1, ranges [1..1, 1..1, 1..1, 1..1, 1..1] have nItems [[1], [0, 1], [1, 1], [0, 0, 1], [1, 0, 1]]--
--Output from overlapping insert and search, N=2, ranges [1..2, 2..1] have nItems [[0, 2], [0, 0, 2]]--
--Output from overlapping insert and search, N=2, ranges [2..1, 2..1] have nItems [[0, 2], [0, 0, 2]]--
--Output from overlapping insert and search, N=2, ranges [2..1, 1..2] have nItems [[0, 2], [0, 0, 2]]--
--Output from overlapping insert and search, N=3, ranges [1..3, 1..3, 1..3, 1..3] have nItems [[1, 2], [0, 2, 3], [1, 0, 0, 3], [0, 0, 3, 3]]--
--Output from overlapping insert and search, N=3, ranges [1..3, 1..3, 1..3, 1..3, 1..3] have nItems [[1, 2], [0, 2, 3], [1, 0, 0, 3], [0, 0, 3, 3], [1, 2, 3, 3]]--
--Output from overlapping insert and search, N=3, ranges [1..3, 1..3, 1..3, 1..3, 1..3, 1..3] have nItems [[1, 2], [0, 2, 3], [1, 0, 0, 3], [0, 0, 3, 3], [1, 2, 3, 3], [0, 2, 0, 0, 3]]--
--Output from overlapping insert and search, N=3, ranges [1..3, 1..3, 1..3, 1..3, 3..2, 2..3, 3..2] have nItems [[1, 2], [0, 2, 3], [1, 0, 0, 3], [0, 0, 3, 3], [0, 2, 3, 3], [0, 0, 0, 0, 3], [0, 2, 0, 0, 3]]--
--Output from overlapping insert and search, N=3, ranges [1..3, 1..3, 1..3, 1..3, 3..2, 2..3, 3..2, 2..3] have nItems [[1, 2], [0, 2, 3], [1, 0, 0, 3], [0, 0, 3, 3], [0, 2, 3, 3], [0, 0, 0, 0, 3], [0, 2, 0, 0, 3], [0, 0, 2, 0, 3]]--
--Output from overlapping insert and search, N=3, ranges [1..3, 1..3, 1..3, 1..3, 3..2, 2..3, 3..2, 2..3, 3..1] have nItems [[1, 2], [0, 2, 3], [1, 0, 0, 3], [0, 0, 3, 3], [0, 2, 3, 3], [0, 0, 0, 0, 3], [0, 2, 0, 0, 3], [0, 0, 2, 0, 3], [1, 2, 2, 0, 3]]--
--Output from overlapping insert and search, N=15, ranges [1..15, 1..15] have nItems [[1, 2, 4, 8], [0, 2, 4, 8, 15]]--
--Output from overlapping insert and search, N=15, ranges [1..15, 8..15] have nItems [[1, 2, 4, 8], [1, 2, 4, 0, 15]]--
--Output from overlapping insert and search, N=15, ranges [1..15, 4..10] have nItems [[1, 2, 4, 8], [0, 2, 4, 0, 15]]--
--Output from overlapping insert and search, N=15, ranges [4..10, 1..15] have nItems [[1, 2, 4], [0, 2, 4, 0, 10]]--
--Output from overlapping insert and search, N=16, ranges [1..16, 1..16] have nItems [[0, 0, 0, 0, 16], [0, 0, 0, 0, 0, 16]]--
--Output from overlapping insert and search, N=16, ranges [1..16, 8..16] have nItems [[0, 0, 0, 0, 16], [1, 0, 0, 8, 16]]--
--Output from overlapping insert and search, N=16, ranges [1..16, 9..16] have nItems [[0, 0, 0, 0, 16], [0, 0, 0, 8, 16]]--
--Output from overlapping insert and search, N=16, ranges [1..16, 4..10] have nItems [[0, 0, 0, 0, 16], [1, 2, 4, 0, 16]]--
--Output from overlapping insert and search, N=16, ranges [4..10, 1..16] have nItems [[1, 2, 4], [1, 2, 4, 0, 10]]--
--Output from overlapping insert and search, N=60, ranges [48..10, 1..16, 33..60] have nItems [[1, 2, 4, 0, 0, 32], [1, 2, 4, 0, 16, 32], [1, 2, 0, 0, 16, 0, 48]]--
--Output from overlapping insert and search, N=255, ranges [1..255] have nItems [[1, 2, 4, 8, 16, 32, 64, 128]]--
--Output from overlapping insert and search, N=257, ranges [1..257] have nItems [[1, 0, 0, 0, 0, 0, 0, 0, 256]]--
]]></system-err>
</testsuite>
